{"E:\\Za folder\\KAMPUS MERDEKA\\Materi\\Alterra (VueJS)\\VueJS_Fauzan-Fadly\\16_Vue Quality Control\\praktikum\\src\\utils\\operations.js": {"path":"E:\\Za folder\\KAMPUS MERDEKA\\Materi\\Alterra (VueJS)\\VueJS_Fauzan-Fadly\\16_Vue Quality Control\\praktikum\\src\\utils\\operations.js","statementMap":{"0":{"start":{"line":1,"column":27},"end":{"line":3,"column":1}},"1":{"start":{"line":2,"column":2},"end":{"line":2,"column":25}},"2":{"start":{"line":5,"column":27},"end":{"line":7,"column":1}},"3":{"start":{"line":6,"column":2},"end":{"line":6,"column":25}},"4":{"start":{"line":9,"column":25},"end":{"line":11,"column":1}},"5":{"start":{"line":10,"column":2},"end":{"line":10,"column":25}},"6":{"start":{"line":13,"column":25},"end":{"line":15,"column":1}},"7":{"start":{"line":14,"column":2},"end":{"line":14,"column":25}},"8":{"start":{"line":17,"column":24},"end":{"line":22,"column":1}},"9":{"start":{"line":18,"column":20},"end":{"line":18,"column":60}},"10":{"start":{"line":19,"column":14},"end":{"line":19,"column":15}},"11":{"start":{"line":20,"column":2},"end":{"line":20,"column":45}},"12":{"start":{"line":20,"column":27},"end":{"line":20,"column":43}},"13":{"start":{"line":21,"column":2},"end":{"line":21,"column":34}},"14":{"start":{"line":24,"column":24},"end":{"line":26,"column":1}},"15":{"start":{"line":25,"column":2},"end":{"line":25,"column":25}},"16":{"start":{"line":28,"column":27},"end":{"line":30,"column":1}},"17":{"start":{"line":29,"column":2},"end":{"line":29,"column":23}},"18":{"start":{"line":32,"column":29},"end":{"line":34,"column":1}},"19":{"start":{"line":33,"column":2},"end":{"line":33,"column":23}},"20":{"start":{"line":36,"column":25},"end":{"line":38,"column":1}},"21":{"start":{"line":37,"column":2},"end":{"line":37,"column":36}},"22":{"start":{"line":40,"column":27},"end":{"line":42,"column":1}},"23":{"start":{"line":41,"column":2},"end":{"line":41,"column":31}}},"fnMap":{"0":{"name":"(anonymous_0)","decl":{"start":{"line":1,"column":27},"end":{"line":1,"column":28}},"loc":{"start":{"line":1,"column":47},"end":{"line":3,"column":1}},"line":1},"1":{"name":"(anonymous_1)","decl":{"start":{"line":5,"column":27},"end":{"line":5,"column":28}},"loc":{"start":{"line":5,"column":47},"end":{"line":7,"column":1}},"line":5},"2":{"name":"(anonymous_2)","decl":{"start":{"line":9,"column":25},"end":{"line":9,"column":26}},"loc":{"start":{"line":9,"column":45},"end":{"line":11,"column":1}},"line":9},"3":{"name":"(anonymous_3)","decl":{"start":{"line":13,"column":25},"end":{"line":13,"column":26}},"loc":{"start":{"line":13,"column":45},"end":{"line":15,"column":1}},"line":13},"4":{"name":"(anonymous_4)","decl":{"start":{"line":17,"column":24},"end":{"line":17,"column":25}},"loc":{"start":{"line":17,"column":68},"end":{"line":22,"column":1}},"line":17},"5":{"name":"(anonymous_5)","decl":{"start":{"line":20,"column":16},"end":{"line":20,"column":17}},"loc":{"start":{"line":20,"column":27},"end":{"line":20,"column":43}},"line":20},"6":{"name":"(anonymous_6)","decl":{"start":{"line":24,"column":24},"end":{"line":24,"column":25}},"loc":{"start":{"line":24,"column":44},"end":{"line":26,"column":1}},"line":24},"7":{"name":"(anonymous_7)","decl":{"start":{"line":28,"column":27},"end":{"line":28,"column":28}},"loc":{"start":{"line":28,"column":45},"end":{"line":30,"column":1}},"line":28},"8":{"name":"(anonymous_8)","decl":{"start":{"line":32,"column":29},"end":{"line":32,"column":30}},"loc":{"start":{"line":32,"column":41},"end":{"line":34,"column":1}},"line":32},"9":{"name":"(anonymous_9)","decl":{"start":{"line":36,"column":25},"end":{"line":36,"column":26}},"loc":{"start":{"line":36,"column":55},"end":{"line":38,"column":1}},"line":36},"10":{"name":"(anonymous_10)","decl":{"start":{"line":40,"column":27},"end":{"line":40,"column":28}},"loc":{"start":{"line":40,"column":52},"end":{"line":42,"column":1}},"line":40}},"branchMap":{},"s":{"0":10,"1":3,"2":10,"3":3,"4":10,"5":3,"6":10,"7":3,"8":10,"9":3,"10":3,"11":3,"12":15,"13":3,"14":10,"15":3,"16":10,"17":3,"18":10,"19":3,"20":10,"21":3,"22":10,"23":3},"f":{"0":3,"1":3,"2":3,"3":3,"4":3,"5":15,"6":3,"7":3,"8":3,"9":3,"10":3},"b":{},"_coverageSchema":"43e27e138ebf9cfc5966b082cf9a028302ed4184","hash":"96f5edf82de5956fa42ed823d3545e26a8db8933"}
}
