TN:
SF:E:\Za folder\KAMPUS MERDEKA\Materi\Alterra (VueJS)\VueJS_Fauzan-Fadly\16_Vue Quality Control\praktikum\src\utils\operations.js
FN:1,(anonymous_0)
FN:5,(anonymous_1)
FN:9,(anonymous_2)
FN:13,(anonymous_3)
FN:17,(anonymous_4)
FN:20,(anonymous_5)
FN:24,(anonymous_6)
FN:28,(anonymous_7)
FN:32,(anonymous_8)
FN:36,(anonymous_9)
FN:40,(anonymous_10)
FNF:11
FNH:11
FNDA:3,(anonymous_0)
FNDA:3,(anonymous_1)
FNDA:3,(anonymous_2)
FNDA:3,(anonymous_3)
FNDA:3,(anonymous_4)
FNDA:15,(anonymous_5)
FNDA:3,(anonymous_6)
FNDA:3,(anonymous_7)
FNDA:3,(anonymous_8)
FNDA:3,(anonymous_9)
FNDA:3,(anonymous_10)
DA:1,10
DA:2,3
DA:5,10
DA:6,3
DA:9,10
DA:10,3
DA:13,10
DA:14,3
DA:17,10
DA:18,3
DA:19,3
DA:20,15
DA:21,3
DA:24,10
DA:25,3
DA:28,10
DA:29,3
DA:32,10
DA:33,3
DA:36,10
DA:37,3
DA:40,10
DA:41,3
LF:23
LH:23
BRF:0
BRH:0
end_of_record
